POST data: <QueryDict: {'csrfmiddlewaretoken': ['ER1jX4hXk3tAmNrOIZmMtSBx2Hq4eOdCoo7pavNMghrAQ8JlpKkLT5rG0JeJTvol'], 'sub_domain': ['kotana'], 'label': ['ettadhaman'], 'tel': ['653698'], 'mail': ['b@b.com'], 'governorate': ['3'], 'delegation': [''], 'type_center': ['ok'], 'code_type_hemo': ['ok'], 'name_type_hemo': ['ok']}>
Form is valid, saving center
Center saved: ettadhaman (kotana.localhost:8000)
POST data: <QueryDict: {'csrfmiddlewaretoken': ['ER1jX4hXk3tAmNrOIZmMtSBx2Hq4eOdCoo7pavNMghrAQ8JlpKkLT5rG0JeJTvol'], 'sub_domain': ['kota'], 'label': ['ettadhaman'], 'tel': ['65369878'], 'mail': ['ba@b.com'], 'private': ['on'], 'governorate': ['3'], 'delegation': ['27']}>
Form is invalid: <ul class="errorlist"><li>delegation<ul class="errorlist"><li>Select a valid choice. That choice is not one of the available choices.</li></ul></li></ul>
POST data: <QueryDict: {'csrfmiddlewaretoken': ['yml9nybErOsd4N3EfO4miDFnogS1eRXNiTrfAZHtn2qdy8lbWz2lIQvwmiGGTy8w'], 'sub_domain': ['kota'], 'label': ['ettadhaman'], 'tel': ['65369878'], 'mail': ['ba@b.com'], 'private': ['on'], 'governorate': ['3'], 'delegation': ['25']}>
Form is invalid: <ul class="errorlist"><li>delegation<ul class="errorlist"><li>Select a valid choice. That choice is not one of the available choices.</li></ul></li></ul>
POST data: <QueryDict: {'csrfmiddlewaretoken': ['d8LBGDdny4BcBkAFy5hsWzwXli7dMhWvXFRHT4Jcuizc5FScfQfrmMm6jkVSrY7e'], 'sub_domain': ['kota'], 'label': ['ettadhaman'], 'tel': ['65369878'], 'mail': ['ba@b.com'], 'private': ['on'], 'governorate': ['3'], 'delegation': ['25']}>
Form is invalid: <ul class="errorlist"><li>delegation<ul class="errorlist"><li>Select a valid choice. That choice is not one of the available choices.</li></ul></li></ul>
POST data: <QueryDict: {'csrfmiddlewaretoken': ['d8LBGDdny4BcBkAFy5hsWzwXli7dMhWvXFRHT4Jcuizc5FScfQfrmMm6jkVSrY7e'], 'sub_domain': ['kota'], 'label': ['ettadhaman'], 'tel': ['65369878'], 'mail': ['ba@b.com'], 'private': ['on'], 'governorate': ['3'], 'delegation': ['25']}>
Form is valid, cleaned data: {'sub_domain': 'kota', 'tel': 65369878, 'label': 'ettadhaman', 'mail': 'ba@b.com', 'private': True, 'governorate': <Governorate: Ben Arous (13)>, 'delegation': <Delegation: Megrine (13008)>, 'type_center': None, 'code_type_hemo': None, 'name_type_hemo': None}
Center saved: ettadhaman (kota.localhost:8000), Delegation: Megrine (13008)
Loading delegations for governorate_id: 18
Delegations found: [{'id': 187, 'name': 'Bir El Hafey'}, {'id': 188, 'name': 'Cebbala Ouled Asker'}, {'id': 189, 'name': 'Jilma'}, {'id': 190, 'name': 'Meknassy'}, {'id': 191, 'name': 'Menzel Bouzaiane'}, {'id': 192, 'name': 'Mezzouna'}, {'id': 193, 'name': 'Ouled Haffouz'}, {'id': 194, 'name': 'Regueb'}, {'id': 195, 'name': 'Sidi Ali Ben Aoun'}, {'id': 196, 'name': 'Sidi Bouzid Est'}, {'id': 197, 'name': 'Sidi Bouzid Ouest'}, {'id': 198, 'name': 'Souk Jedid'}]
POST data: <QueryDict: {'csrfmiddlewaretoken': ['d8LBGDdny4BcBkAFy5hsWzwXli7dMhWvXFRHT4Jcuizc5FScfQfrmMm6jkVSrY7e'], 'sub_domain': ['koka'], 'label': ['ettadhaman'], 'tel': ['65369878'], 'mail': ['ba@b.com'], 'governorate': ['18'], 'delegation': ['198'], 'type_center': ['ok'], 'code_type_hemo': ['hy'], 'name_type_hemo': ['lal']}>
Form is valid, cleaned data: {'sub_domain': 'koka', 'tel': 65369878, 'label': 'ettadhaman', 'mail': 'ba@b.com', 'private': False, 'governorate': <Governorate: Sidi Bouzid (43)>, 'delegation': <Delegation: Souk Jedid (0)>, 'type_center': 'ok', 'code_type_hemo': 'hy', 'name_type_hemo': 'lal'}
Center saved: ettadhaman (koka.localhost:8000), Delegation: Souk Jedid (0)
Loading delegations for governorate_id: 1
Delegations found: [{'id': 1, 'name': 'Ariana Medina'}, {'id': 2, 'name': 'Ettadhamen'}, {'id': 3, 'name': 'Kalaat el Andalous'}, {'id': 4, 'name': 'Mnihla'}, {'id': 5, 'name': 'Raoued'}, {'id': 6, 'name': 'Sidi Thabet'}, {'id': 7, 'name': 'Soukra'}]
POST data: <QueryDict: {'csrfmiddlewaretoken': ['d8LBGDdny4BcBkAFy5hsWzwXli7dMhWvXFRHT4Jcuizc5FScfQfrmMm6jkVSrY7e'], 'sub_domain': ['mona'], 'label': ['ten'], 'tel': ['653691'], 'mail': ['baz@b.com'], 'private': ['on'], 'governorate': ['1'], 'delegation': ['1']}>
Form is valid, cleaned data: {'sub_domain': 'mona', 'tel': 653691, 'label': 'ten', 'mail': 'baz@b.com', 'private': True, 'governorate': <Governorate: Ariana (12)>, 'delegation': <Delegation: Ariana Medina (12001)>, 'type_center': None, 'code_type_hemo': None, 'name_type_hemo': None}
Center saved: ten (mona.localhost:8000), Delegation: Ariana Medina (12001)
Rendering empty form
Rendering empty form
Loading delegations for governorate_id: 17
Delegations found: [{'id': 171, 'name': 'Agareb'}, {'id': 172, 'name': 'Bir Ali Ben Khalifa'}, {'id': 173, 'name': 'El Amra'}, {'id': 174, 'name': 'El Hencha'}, {'id': 175, 'name': 'Graïba'}, {'id': 176, 'name': 'Jebiniana'}, {'id': 177, 'name': 'Kerkennah'}, {'id': 178, 'name': 'Mahrès'}, {'id': 179, 'name': 'Menzel Chaker'}, {'id': 180, 'name': 'Sakiet Eddaïer'}, {'id': 181, 'name': 'Sakiet Ezzit'}, {'id': 182, 'name': 'Sfax Ouest'}, {'id': 183, 'name': 'Sfax Sud'}, {'id': 184, 'name': 'Sfax Ville'}, {'id': 185, 'name': 'Skhira'}, {'id': 186, 'name': 'Thyna'}]
POST data: <QueryDict: {'csrfmiddlewaretoken': ['ObPbM8spDxsu4n8ybyG27fJ7XhGRMIRRyIVhZzYezLquyIq5SjE1xszgVjuwrp2A'], 'sub_domain': ['cilo'], 'label': ['cils'], 'tel': ['50109939'], 'mail': ['anwwarromma@gmail.com'], 'center_code': ['2635'], 'private': ['on'], 'governorate': ['17'], 'delegation': ['185']}>
Form is valid, cleaned data: {'sub_domain': 'cilo', 'tel': 50109939, 'label': 'cils', 'mail': 'anwwarromma@gmail.com', 'center_code': 2635, 'private': True, 'governorate': <Governorate: Sfax (61)>, 'delegation': <Delegation: Skhira (0)>, 'type_center': None, 'code_type_hemo': None, 'name_type_hemo': None}
Center saved: cils (cilo.localhost:8000), Delegation: Skhira (0)
Rendering empty form
Loading delegations for governorate_id: 13
Delegations found: [{'id': 125, 'name': 'Borj El Amri'}, {'id': 126, 'name': 'Djedeida'}, {'id': 127, 'name': 'Douar Hicher'}, {'id': 128, 'name': 'El Battan'}, {'id': 129, 'name': 'Manouba'}, {'id': 130, 'name': 'Mornaguia'}, {'id': 131, 'name': 'Oued Ellil'}, {'id': 132, 'name': 'Tebourba'}]
Loading delegations for governorate_id: 15
Delegations found: [{'id': 142, 'name': 'Bekalta'}, {'id': 143, 'name': 'Bembla'}, {'id': 144, 'name': 'Beni Hassen'}, {'id': 145, 'name': 'Jemmal'}, {'id': 146, 'name': 'Ksar Hellal'}, {'id': 147, 'name': 'Ksibet el-Médiouni'}, {'id': 148, 'name': 'Moknine'}, {'id': 149, 'name': 'Monastir'}, {'id': 150, 'name': 'Ouerdanine'}, {'id': 151, 'name': 'Sahline'}, {'id': 152, 'name': 'Sayada-Lamta-Bou Hajar'}, {'id': 153, 'name': 'Téboulba'}, {'id': 154, 'name': 'Zéramdine'}]
Rendering empty form
Loading delegations for governorate_id: 17
Delegations found: [{'id': 171, 'name': 'Agareb'}, {'id': 172, 'name': 'Bir Ali Ben Khalifa'}, {'id': 173, 'name': 'El Amra'}, {'id': 174, 'name': 'El Hencha'}, {'id': 175, 'name': 'Graïba'}, {'id': 176, 'name': 'Jebiniana'}, {'id': 177, 'name': 'Kerkennah'}, {'id': 178, 'name': 'Mahrès'}, {'id': 179, 'name': 'Menzel Chaker'}, {'id': 180, 'name': 'Sakiet Eddaïer'}, {'id': 181, 'name': 'Sakiet Ezzit'}, {'id': 182, 'name': 'Sfax Ouest'}, {'id': 183, 'name': 'Sfax Sud'}, {'id': 184, 'name': 'Sfax Ville'}, {'id': 185, 'name': 'Skhira'}, {'id': 186, 'name': 'Thyna'}]
POST data: <QueryDict: {'csrfmiddlewaretoken': ['Jckffgt8tivAprS7QXK1JIrCNOnxc0gktJqlsHZXpwtATMaExII09VhLLQbcRHr3'], 'sub_domain': ['Onii'], 'label': ['oka'], 'tel': ['98536400'], 'mail': ['a@a.com'], 'center_code': ['12563'], 'type_center': ['REGIONAL'], 'governorate': ['17'], 'delegation': ['175'], 'code_type_hemo': ['CHTO?'], 'name_type_hemo': ['opa']}>
Form is valid, cleaned data: {'sub_domain': 'Onii', 'tel': '98536400', 'label': 'oka', 'mail': 'a@a.com', 'center_code': 12563, 'type_center': 'REGIONAL', 'governorate': <Governorate: Sfax (61)>, 'delegation': <Delegation: Graïba (0)>, 'code_type_hemo': 'CHTO?', 'name_type_hemo': 'opa'}
Center saved: oka (onii.localhost:8000), Delegation: Graïba (0)
Rendering empty form
Rendering empty form
Loading delegations for governorate_id: 16
Delegations found: [{'id': 155, 'name': 'Béni Khalled'}, {'id': 156, 'name': 'Béni Khiar'}, {'id': 157, 'name': 'Bou Argoub'}, {'id': 158, 'name': 'Dar Châabane El Fehri'}, {'id': 159, 'name': 'El Haouaria'}, {'id': 160, 'name': 'El Mida'}, {'id': 161, 'name': 'Grombalia'}, {'id': 163, 'name': 'Hammam El Guezaz'}, {'id': 162, 'name': 'Hammamet'}, {'id': 164, 'name': 'Kélibia'}, {'id': 165, 'name': 'Korba'}, {'id': 166, 'name': 'Menzel Bouzelfa'}, {'id': 167, 'name': 'Menzel Temime'}, {'id': 168, 'name': 'Nabeul'}, {'id': 169, 'name': 'Soliman'}, {'id': 170, 'name': 'Takelsa'}]
POST data: <QueryDict: {'csrfmiddlewaretoken': ['nZyffJ9NFa5jpvvwnD6Y92rFFOWvMwpI7wElsaFCBo3jTQN34o4XzfhODQKardAr'], 'sub_domain': ['cilo'], 'label': ['cils'], 'tel': ['50109939'], 'mail': ['anwwarromma@gmail.com'], 'center_code': ['2635'], 'type_center': ['PRIVATE'], 'governorate': ['16'], 'delegation': ['168']}>
Form is valid, cleaned data: {'sub_domain': 'cilo', 'tel': '50109939', 'label': 'cils', 'mail': 'anwwarromma@gmail.com', 'center_code': 2635, 'type_center': 'PRIVATE', 'governorate': <Governorate: Nabeul (21)>, 'delegation': <Delegation: Nabeul (21014)>, 'code_type_hemo': '', 'name_type_hemo': ''}
Center saved: cils (cilo.localhost:8000), Delegation: Nabeul (21014)
Machine saved: Frese (cils) for center cils (cilo.localhost:8000)
Rendering empty form
Rendering empty form
Loading delegations for governorate_id: 16
Delegations found: [{'id': 155, 'name': 'Béni Khalled'}, {'id': 156, 'name': 'Béni Khiar'}, {'id': 157, 'name': 'Bou Argoub'}, {'id': 158, 'name': 'Dar Châabane El Fehri'}, {'id': 159, 'name': 'El Haouaria'}, {'id': 160, 'name': 'El Mida'}, {'id': 161, 'name': 'Grombalia'}, {'id': 163, 'name': 'Hammam El Guezaz'}, {'id': 162, 'name': 'Hammamet'}, {'id': 164, 'name': 'Kélibia'}, {'id': 165, 'name': 'Korba'}, {'id': 166, 'name': 'Menzel Bouzelfa'}, {'id': 167, 'name': 'Menzel Temime'}, {'id': 168, 'name': 'Nabeul'}, {'id': 169, 'name': 'Soliman'}, {'id': 170, 'name': 'Takelsa'}]
POST data: <QueryDict: {'csrfmiddlewaretoken': ['1E7gOaABnKHXzuoPDjiOJRU2TvlTD6VOLbdm1B6qjYFX3PGmk4gN94KbRx9yiN6x'], 'sub_domain': ['Dineri'], 'label': ['Kaboot'], 'tel': ['454545'], 'mail': ['c@c.com'], 'adresse': ['susah'], 'center_code': ['12563'], 'type_center': ['REGIONAL'], 'governorate': ['16'], 'delegation': ['168'], 'code_type_hemo': ['MD2200'], 'name_type_hemo': ['UNITE HEMODIALYSE']}>
Form is valid, cleaned data: {'sub_domain': 'Dineri', 'tel': '454545', 'label': 'Kaboot', 'mail': 'c@c.com', 'adresse': 'susah', 'center_code': 12563, 'type_center': 'REGIONAL', 'governorate': <Governorate: Nabeul (21)>, 'delegation': <Delegation: Nabeul (21014)>, 'code_type_hemo': 'MD2200', 'name_type_hemo': 'UNITE HEMODIALYSE'}
Center saved: Kaboot (dineri.localhost:8000), Delegation: Nabeul (21014)
Rendering empty form
Patients fetched for center ARIANA: [{'nom': 'Kaboot', 'prenom': 'Tréfle'}]
Patients fetched for center ARIANA: [{'nom': 'Kaboot', 'prenom': 'Tréfle'}]
Patient fetched: Kaboot Tréfle (99856312) for center ARIANA
Patient fetched: Kaboot Tréfle (99856312) for center ARIANA
Patient fetched: Kaboot Tréfle (99856312) for center ARIANA
Patient fetched: Kaboot Tréfle (99856312) for center ARIANA
Patient fetched: Kaboot Tréfle (99856312) for center ARIANA
Patient fetched: Kaboot Tréfle (99856312) for center ARIANA
Patient fetched: Kaboot Tréfle (99856312) for center ARIANA
Patient fetched: Kaboot Tréfle (99856312) for center ARIANA
Loading methods for type_hemo_id: 1
Methods found: [{'id': 2, 'name': 'Bicarbonate'}, {'id': 3, 'name': 'Erythropoietin'}, {'id': 5, 'name': 'Filtration 84%'}, {'id': 4, 'name': 'Hemodiafiltration'}, {'id': 1, 'name': 'Hemodialysis'}]
Loading methods for type_hemo_id: 2
Methods found: [{'id': 7, 'name': 'DPA'}, {'id': 6, 'name': 'DPCA'}]
Patient fetched: Kaboot Tréfle (99856312) for center ARIANA
Loading methods for type_hemo_id: 1
Methods found: [{'id': 2, 'name': 'Bicarbonate'}, {'id': 3, 'name': 'Erythropoietin'}, {'id': 5, 'name': 'Filtration 84%'}, {'id': 4, 'name': 'Hemodiafiltration'}, {'id': 1, 'name': 'Hemodialysis'}]
Patient fetched: Kaboot Tréfle (99856312) for center ARIANA
Patients fetched for center ARIANA: []
Patient form is invalid: <ul class="errorlist"><li>cin<ul class="errorlist"><li>Patient with this Cin already exists.</li></ul></li></ul>
Patient form is invalid: <ul class="errorlist"><li>cin<ul class="errorlist"><li>Patient with this Cin already exists.</li></ul></li></ul>
Patients fetched for center ARIANA: [{'nom': 'Contréé', 'prenom': '120'}, {'nom': 'Contréé', 'prenom': '120'}, {'nom': 'Contréé', 'prenom': '120'}, {'nom': 'Contréé', 'prenom': '120'}]
Patient fetched: Contréé 120 (124571) for center ARIANA
Loading methods for type_hemo_id: 1
Methods found: [{'id': 2, 'name': 'Bicarbonate'}, {'id': 3, 'name': 'Erythropoietin'}, {'id': 5, 'name': 'Filtration 84%'}, {'id': 4, 'name': 'Hemodiafiltration'}, {'id': 1, 'name': 'Hemodialysis'}]
Patient fetched: Contréé 120 (124571) for center ARIANA
Hemodialysis session saved for patient Contréé 120 (124571): Hemodialysis Session for Contréé 120 (124571) on 2003-02-22
Patient fetched: Contréé 120 (124571) for center ARIANA
Patient fetched: Contréé 120 (124571) for center ARIANA
TransmittableDiseaseRef saved: HIV
Patient fetched: Contréé 120 (124571) for center ARIANA
Patient fetched: Contréé 120 (124571) for center ARIANA
Transmittable disease saved for patient Contréé 120 (124571): HIV for Contréé 120 (124571) on 2000-12-03
Patient fetched: Contréé 120 (124571) for center ARIANA
Patients fetched for center ARIANA: [{'nom': 'Contréé', 'prenom': '120'}, {'nom': 'Contréé', 'prenom': '120'}, {'nom': 'Contréé', 'prenom': '120'}, {'nom': 'Contréé', 'prenom': '120'}]
Patients fetched for center CENTRE  HAMDA EL AOUANI: []
Patients fetched for center CENTRE  HAMDA EL AOUANI: [{'nom': 'samir', 'prenom': 'péceron'}]
Patient fetched: samir péceron (56784236) for center CENTRE  HAMDA EL AOUANI
ComplicationsRef saved: Vadim
Patient fetched: samir péceron (56784236) for center CENTRE  HAMDA EL AOUANI
Patient fetched: samir péceron (56784236) for center CENTRE  HAMDA EL AOUANI
Patient fetched: samir péceron (56784236) for center CENTRE  HAMDA EL AOUANI
Complication saved for patient samir péceron (56784236): Vadim for samir péceron (56784236) on 2000-12-31
Patient fetched: samir péceron (56784236) for center CENTRE  HAMDA EL AOUANI
Patients fetched for center ARIANA: [{'nom': 'Contréé', 'prenom': '120'}, {'nom': 'Contréé', 'prenom': '120'}, {'nom': 'Contréé', 'prenom': '120'}, {'nom': 'Contréé', 'prenom': '120'}]
Patient fetched: Contréé 120 (124571) for center ARIANA
TransmittableDiseaseRef saved: hepathite
Patient fetched: Contréé 120 (124571) for center ARIANA
Patients fetched for center ARIANA: [{'nom': 'Contréé', 'prenom': '120'}, {'nom': 'Contréé', 'prenom': '120'}, {'nom': 'Contréé', 'prenom': '120'}, {'nom': 'Contréé', 'prenom': '120'}]
Patients fetched for center ARIANA: [{'nom': 'Contréé', 'prenom': '120'}, {'nom': 'Contréé', 'prenom': '120'}, {'nom': 'Contréé', 'prenom': '120'}, {'nom': 'Contréé', 'prenom': '120'}]
Rendering empty form
Patients fetched for center ARIANA: [{'nom': 'Contréé', 'prenom': '120'}, {'nom': 'Contréé', 'prenom': '120'}, {'nom': 'Contréé', 'prenom': '120'}, {'nom': 'Contréé', 'prenom': '120'}]
Patient fetched: Contréé 120 (65439876) for center ARIANA
Patients fetched for center CENTRE D'HEMODIALYSE DE SIDI HESSINE: []
Patients fetched for center CENTRE D'HEMODIALYSE DE SIDI HESSINE: [{'nom': 'ffffffff', 'prenom': '5588'}]
Patient fetched: ffffffff 5588 (12345679) for center CENTRE D'HEMODIALYSE DE SIDI HESSINE
Rendering empty form
Loading delegations for governorate_id: 17
Delegations found: [{'id': 171, 'name': 'Agareb'}, {'id': 172, 'name': 'Bir Ali Ben Khalifa'}, {'id': 173, 'name': 'El Amra'}, {'id': 174, 'name': 'El Hencha'}, {'id': 175, 'name': 'Graïba'}, {'id': 176, 'name': 'Jebiniana'}, {'id': 177, 'name': 'Kerkennah'}, {'id': 178, 'name': 'Mahrès'}, {'id': 179, 'name': 'Menzel Chaker'}, {'id': 180, 'name': 'Sakiet Eddaïer'}, {'id': 181, 'name': 'Sakiet Ezzit'}, {'id': 182, 'name': 'Sfax Ouest'}, {'id': 183, 'name': 'Sfax Sud'}, {'id': 184, 'name': 'Sfax Ville'}, {'id': 185, 'name': 'Skhira'}, {'id': 186, 'name': 'Thyna'}]
POST data: <QueryDict: {'csrfmiddlewaretoken': ['96BBCXoeYDX9S6PaPw8IQJT910qeQNgtTDHHPoU3URV9mr7Hwh6HgWJiZ2eTvurc'], 'sub_domain': ['cilo'], 'label': ['Kaboot'], 'tel': ['45454522'], 'mail': ['h@c.com'], 'adresse': ['susah'], 'center_code': ['12563'], 'type_center': ['REGIONAL'], 'governorate': ['17'], 'delegation': ['185'], 'code_type_hemo': ['MD2200'], 'name_type_hemo': ['SERVICE HEMODIALYSE']}>
Form is invalid: <ul class="errorlist"><li>sub_domain<ul class="errorlist"><li>Center with this Sub domain already exists.</li></ul></li></ul>
Loading delegations for governorate_id: 17
Delegations found: [{'id': 171, 'name': 'Agareb'}, {'id': 172, 'name': 'Bir Ali Ben Khalifa'}, {'id': 173, 'name': 'El Amra'}, {'id': 174, 'name': 'El Hencha'}, {'id': 175, 'name': 'Graïba'}, {'id': 176, 'name': 'Jebiniana'}, {'id': 177, 'name': 'Kerkennah'}, {'id': 178, 'name': 'Mahrès'}, {'id': 179, 'name': 'Menzel Chaker'}, {'id': 180, 'name': 'Sakiet Eddaïer'}, {'id': 181, 'name': 'Sakiet Ezzit'}, {'id': 182, 'name': 'Sfax Ouest'}, {'id': 183, 'name': 'Sfax Sud'}, {'id': 184, 'name': 'Sfax Ville'}, {'id': 185, 'name': 'Skhira'}, {'id': 186, 'name': 'Thyna'}]
POST data: <QueryDict: {'csrfmiddlewaretoken': ['2QKSa3FVTNRbWJIG1PUfSu7WoCWSdPNkMnQYnubKP1Pbq40dIASeiHX5mEKxSwY3'], 'sub_domain': ['cilo9'], 'label': ['Kaboot'], 'tel': ['45454522'], 'mail': ['h@c.com'], 'adresse': ['susah'], 'center_code': ['12563'], 'type_center': ['REGIONAL'], 'governorate': ['17'], 'delegation': [''], 'code_type_hemo': ['MD2200'], 'name_type_hemo': ['SERVICE HEMODIALYSE']}>
Form is valid, cleaned data: {'sub_domain': 'cilo9', 'tel': '45454522', 'label': 'Kaboot', 'mail': 'h@c.com', 'adresse': 'susah', 'center_code': 12563, 'type_center': 'REGIONAL', 'governorate': <Governorate: Sfax (61)>, 'delegation': None, 'code_type_hemo': 'MD2200', 'name_type_hemo': 'SERVICE HEMODIALYSE'}
Center saved: Kaboot (cilo9.localhost:8000), Delegation: None
Rendering empty form
Rendering empty form
Rendering form with instance: ARIANA (ariana.localhost:8000)
Loading delegations for governorate_id: 1
Delegations found: [{'id': 1, 'name': 'Ariana Medina'}, {'id': 2, 'name': 'Ettadhamen'}, {'id': 3, 'name': 'Kalaat el Andalous'}, {'id': 4, 'name': 'Mnihla'}, {'id': 5, 'name': 'Raoued'}, {'id': 6, 'name': 'Sidi Thabet'}, {'id': 7, 'name': 'Soukra'}]
Loading delegations for governorate_id: 18
Delegations found: [{'id': 187, 'name': 'Bir El Hafey'}, {'id': 188, 'name': 'Cebbala Ouled Asker'}, {'id': 189, 'name': 'Jilma'}, {'id': 190, 'name': 'Meknassy'}, {'id': 191, 'name': 'Menzel Bouzaiane'}, {'id': 192, 'name': 'Mezzouna'}, {'id': 193, 'name': 'Ouled Haffouz'}, {'id': 194, 'name': 'Regueb'}, {'id': 195, 'name': 'Sidi Ali Ben Aoun'}, {'id': 196, 'name': 'Sidi Bouzid Est'}, {'id': 197, 'name': 'Sidi Bouzid Ouest'}, {'id': 198, 'name': 'Souk Jedid'}]
Loading delegations for governorate_id: 4
Delegations found: [{'id': 29, 'name': 'Bizerte Nord'}, {'id': 30, 'name': 'Bizerte Sud'}, {'id': 31, 'name': 'Djoumine'}, {'id': 32, 'name': 'El Alia'}, {'id': 33, 'name': 'Ghar El Melh'}, {'id': 34, 'name': 'Ghezala'}, {'id': 35, 'name': 'Mateur'}, {'id': 36, 'name': 'Menzel Bourguiba'}, {'id': 37, 'name': 'Menzel Jemil'}, {'id': 38, 'name': 'Ras Jabel'}, {'id': 39, 'name': 'Sejenane'}, {'id': 40, 'name': 'Tinja'}, {'id': 41, 'name': 'Utique'}, {'id': 42, 'name': 'Zarzouna'}]
Loading delegations for governorate_id: 6
Delegations found: [{'id': 53, 'name': 'Belkhir'}, {'id': 54, 'name': 'El Guetar'}, {'id': 55, 'name': 'El Ksar'}, {'id': 56, 'name': 'Gafsa Nord'}, {'id': 57, 'name': 'Gafsa Sud'}, {'id': 58, 'name': 'Mdhilla'}, {'id': 59, 'name': 'Metlaoui'}, {'id': 60, 'name': 'Oum El Araies'}, {'id': 61, 'name': 'Redeyef'}, {'id': 62, 'name': 'Sidi Aïch'}, {'id': 63, 'name': 'Sned'}]
Loading delegations for governorate_id: 19
Delegations found: [{'id': 199, 'name': 'Bargou'}, {'id': 200, 'name': 'Bou Arada'}, {'id': 201, 'name': 'El Aroussa'}, {'id': 202, 'name': 'El Krib'}, {'id': 203, 'name': 'Gaâfour'}, {'id': 204, 'name': 'Kesra'}, {'id': 205, 'name': 'Makthar'}, {'id': 206, 'name': 'Rouhia'}, {'id': 207, 'name': 'Sidi Bou Rouis'}, {'id': 208, 'name': 'Siliana Nord'}, {'id': 209, 'name': 'Siliana Sud'}]
Loading delegations for governorate_id: 3
Delegations found: [{'id': 17, 'name': 'Ben Arous'}, {'id': 18, 'name': 'Bou Mhel El Bassatine'}, {'id': 19, 'name': 'El Mourouj'}, {'id': 20, 'name': 'Ezzahra'}, {'id': 21, 'name': 'Fouchana'}, {'id': 22, 'name': 'Hammam Chôtt'}, {'id': 23, 'name': 'Hammam Lif'}, {'id': 24, 'name': 'La Nouvelle Medina'}, {'id': 25, 'name': 'Megrine'}, {'id': 26, 'name': 'Mohamedia'}, {'id': 27, 'name': 'Mornag'}, {'id': 28, 'name': 'Radès'}]
Loading delegations for governorate_id: 3
Delegations found: [{'id': 17, 'name': 'Ben Arous'}, {'id': 18, 'name': 'Bou Mhel El Bassatine'}, {'id': 19, 'name': 'El Mourouj'}, {'id': 20, 'name': 'Ezzahra'}, {'id': 21, 'name': 'Fouchana'}, {'id': 22, 'name': 'Hammam Chôtt'}, {'id': 23, 'name': 'Hammam Lif'}, {'id': 24, 'name': 'La Nouvelle Medina'}, {'id': 25, 'name': 'Megrine'}, {'id': 26, 'name': 'Mohamedia'}, {'id': 27, 'name': 'Mornag'}, {'id': 28, 'name': 'Radès'}]
Failed login attempt for username: john at center cils
Failed login attempt for username: john at center cils
Superadmin jolda attempted login at center cils
Failed login attempt for username: john at center cils
Failed login attempt for username: john at center cils
Failed login attempt for username: vadim at center cils
Failed login attempt for username: vadim at center cils
Failed login attempt for username: john at center cils
Failed login attempt for username: vadima at center cils
Failed login attempt for username: panama at center cils
Failed login attempt for username: panama at center cils
Failed login attempt for username: katana at center cils
Failed login attempt for username: filo at center cils
Center staff logged in: ok for center cils
Paramedical staff saved: Chan Jolda (7854697)
User oni not authorized for center cils
User oni not authorized for center cils
Center staff logged in: ok for center cils
User oni not authorized for center cils
Center staff logged in: ok for center cils
Medical staff saved: Chan Jolda (965874)
User okasa not authorized for center cils
Failed login attempt for username: oni at center cils
User okasa not authorized for center cils
Center staff logged in: ok for center cils
POST data for add_paramedical_staff: {'csrfmiddlewaretoken': ['BEeiGCTaoLr7IHKOI0ynANT1ZMI8Iyxti2YWBEd3h8O1bXFrGb8nyKk46BIKgFLd'], 'nom': ['okari'], 'prenom': ['nasay'], 'cin': ['1598624'], 'qualification': ['Major'], 'role': ['MEDICAL_PARA_STAFF'], 'username': ['john'], 'email': ['o@o.cpa'], 'password': ['azerty123']}
Paramedical staff saved: okari nasay (1598624) for center cils
No AdministrativeStaff found for user john in center cils
Found ParamedicalStaff for user john in center cils
User john logged in for center cils as ParamedicalStaff
Found AdministrativeStaff for user ok in center cils
User ok logged in for center cils as AdministrativeStaff
Patients fetched for center cils: [{'nom': 'JOKEDA', 'prenom': 'ikea'}]
Patient fetched: JOKEDA ikea (98564723) for center cils
Patients fetched for center cils: [{'nom': 'JOKEDA', 'prenom': 'ikea'}]
Administrative staff form is invalid: <ul class="errorlist"><li>job_title<ul class="errorlist"><li>This field is required.</li><li>Job_title is required.</li><li>Job_title is required.</li></ul></li><li>username<ul class="errorlist"><li>This username is already taken.</li><li>Username is required.</li></ul></li></ul>
Administrative staff form is invalid: <ul class="errorlist"><li>job_title<ul class="errorlist"><li>This field is required.</li><li>Job_title is required.</li><li>Job_title is required.</li></ul></li></ul>
Administrative staff form is invalid: <ul class="errorlist"><li>job_title<ul class="errorlist"><li>This field is required.</li><li>Job_title is required.</li><li>Job_title is required.</li></ul></li></ul>
Administrative staff form is invalid: <ul class="errorlist"><li>username<ul class="errorlist"><li>This username is already taken.</li><li>Username is required.</li></ul></li><li>email<ul class="errorlist"><li>This email is already taken.</li><li>Email is required.</li></ul></li></ul>
No AdministrativeStaff found for user joldaa in center cils
No ParamedicalStaff found for user joldaa in center cils
No TechnicalStaff found for user joldaa in center cils
No MedicalStaff found for user joldaa in center cils
No WorkerStaff found for user joldaa in center cils
User joldaa not authorized for center cils
Administrative staff form is invalid: <ul class="errorlist"><li>username<ul class="errorlist"><li>This username is already taken.</li><li>Username is required.</li></ul></li><li>email<ul class="errorlist"><li>This email is already taken.</li><li>Email is required.</li></ul></li></ul>
Administrative staff saved: Jolda jo (15478963)
Administrative staff saved: chadona chadona (56234512)
Found AdministrativeStaff for user chad in center cils
User chad requires email verification
User chad logged in after verification
Found AdministrativeStaff for user chad in center cils
User chad logged in for center cils as AdministrativeStaff
Found AdministrativeStaff for user joldaa in center cils
User joldaa requires email verification
Found AdministrativeStaff for user ok in center cils
User ok requires email verification
User ok logged in after verification
POST data for add_paramedical_staff: {'csrfmiddlewaretoken': ['MSSYDCUB0TFfeMRQ9kwfinVGu84lilOdLftSxwAnl9PcYXG7oRm8Z2JTzNRINKWu'], 'nom': ['para'], 'prenom': ['medical'], 'cin': ['78965478'], 'qualification': ['Major'], 'role': ['MEDICAL_PARA_STAFF'], 'username': ['para'], 'email': ['para@para.com'], 'password': ['azerty123']}
Paramedical staff saved: para medical (78965478) for center cils
No AdministrativeStaff found for user para in center cils
Found ParamedicalStaff for user para in center cils
No verification profile for user para
Medical staff form is invalid: <ul class="errorlist"><li>speciality<ul class="errorlist"><li>This field is required.</li><li>Speciality is required.</li><li>Speciality is required.</li></ul></li></ul>
Medical staff saved: Med Med (1236545)
No AdministrativeStaff found for user med in center cils
No ParamedicalStaff found for user med in center cils
No TechnicalStaff found for user med in center cils
Found MedicalStaff for user med in center cils
User med requires email verification
User med logged in after verification
POST data for add_paramedical_staff: {'csrfmiddlewaretoken': ['XTRiMFIr1r6sDQl2hGsVrExa8BC1FKAsWgscGzodmHgpn1ajwdiO8jlndgpoa9IJ'], 'nom': ['para'], 'prenom': ['para'], 'cin': ['956348'], 'qualification': ['major'], 'role': ['MEDICAL_PARA_STAFF'], 'username': ['para'], 'email': ['para@para.com'], 'password': ['azerty123']}
Paramedical staff form is invalid: <ul class="errorlist"><li>job_title<ul class="errorlist"><li>This field is required.</li><li>Job_title is required.</li><li>Job_title is required.</li></ul></li></ul>
Worker staff form is invalid: <ul class="errorlist"><li>job_title<ul class="errorlist"><li>This field is required.</li><li>Job_title is required.</li><li>Job_title is required.</li></ul></li></ul>
Technical staff saved: tech tech (985617)
No AdministrativeStaff found for user tech in center cils
No ParamedicalStaff found for user tech in center cils
Found TechnicalStaff for user tech in center cils
User tech requires email verification
User tech logged in after verification
Worker staff form is invalid: <ul class="errorlist"><li>job_title<ul class="errorlist"><li>This field is required.</li><li>Job_title is required.</li><li>Job_title is required.</li></ul></li></ul>
Worker staff saved: worker worker (256843)
No AdministrativeStaff found for user worker in center cils
No ParamedicalStaff found for user worker in center cils
No TechnicalStaff found for user worker in center cils
No MedicalStaff found for user worker in center cils
Found WorkerStaff for user worker in center cils
User worker requires email verification
No AdministrativeStaff found for user worker in center ARIANA
No ParamedicalStaff found for user worker in center ARIANA
No TechnicalStaff found for user worker in center ARIANA
No MedicalStaff found for user worker in center ARIANA
No WorkerStaff found for user worker in center ARIANA
User worker not authorized for center ARIANA
No AdministrativeStaff found for user med in center ARIANA
No ParamedicalStaff found for user med in center ARIANA
No TechnicalStaff found for user med in center ARIANA
No MedicalStaff found for user med in center ARIANA
No WorkerStaff found for user med in center ARIANA
User med not authorized for center ARIANA
Failed verification attempt for user worker
User worker logged in after verification
No AdministrativeStaff found for user med in center ARIANA
No ParamedicalStaff found for user med in center ARIANA
No TechnicalStaff found for user med in center ARIANA
No MedicalStaff found for user med in center ARIANA
No WorkerStaff found for user med in center ARIANA
User med not authorized for center ARIANA
HEMO: User worker accessed staff list for center cils. Staff count: 4
Found AdministrativeStaff for user ok in center cils
User ok logged in for center cils as AdministrativeStaff
HEMO: User ok accessed staff list for center cils. Staff count: 4
HEMO: User ok accessed staff list for center cils. Staff count: 4
HEMO: PDF report generated for center cils by user ok
Found AdministrativeStaff for user ok in center cils
User ok logged in for center cils as AdministrativeStaff
Patients fetched for center cils: [{'nom': 'JOKEDA', 'prenom': 'ikea'}, {'nom': 'ooooo', 'prenom': 'oooo'}]
Patient fetched: ooooo oooo (56987423) for center cils
Patient fetched: ooooo oooo (56987423) for center cils
Patient fetched: ooooo oooo (56987423) for center cils
Patient fetched: ooooo oooo (56987423) for center cils
Patient fetched: ooooo oooo (56987423) for center cils
Patient fetched: ooooo oooo (56987423) for center cils
Patients fetched for center cils: [{'nom': 'JOKEDA', 'prenom': 'ikea'}, {'nom': 'ooooo', 'prenom': 'oooo'}]
HEMO: PDF report generated for center cils by user ok
HEMO: PDF report generated for center cils by user ok
Patients fetched for center cils: [{'nom': 'JOKEDA', 'prenom': 'ikea'}, {'nom': 'ooooo', 'prenom': 'oooo'}, {'nom': 'Chan', 'prenom': 'Jolda'}]
Patient fetched: Chan Jolda (552359898) for center cils
Patient fetched: Chan Jolda (552359898) for center cils
Transmittable disease saved for patient Chan Jolda (552359898): hepathite for Chan Jolda (552359898) on 2025-05-21
Patient fetched: Chan Jolda (552359898) for center cils
Loading methods for type_hemo_id: 1
Methods found: [{'id': 2, 'name': 'Bicarbonate'}, {'id': 3, 'name': 'Erythropoietin'}, {'id': 5, 'name': 'Filtration 84%'}, {'id': 4, 'name': 'Hemodiafiltration'}, {'id': 1, 'name': 'Hemodialysis'}]
Patient fetched: Chan Jolda (552359898) for center cils
Hemodialysis session saved for patient Chan Jolda (552359898): Hemodialysis Session for Chan Jolda (552359898) on 2025-05-19
Patient fetched: Chan Jolda (552359898) for center cils
Patient fetched: Chan Jolda (552359898) for center cils
Complication saved for patient Chan Jolda (552359898): Vadim for Chan Jolda (552359898) on 2025-05-21
Patient fetched: Chan Jolda (552359898) for center cils
TransplantationRef saved: gfndngfndf
Patient fetched: Chan Jolda (552359898) for center cils
Patient fetched: Chan Jolda (552359898) for center cils
Transplantation saved for patient Chan Jolda (552359898): gfndngfndf for Chan Jolda (552359898) on 2025-05-05
Patient fetched: Chan Jolda (552359898) for center cils
Found AdministrativeStaff for user ok in center cils
User ok logged in for center cils as AdministrativeStaff
Administrative staff saved: paraa paraaa (89657422)
Found AdministrativeStaff for user paraa in center cils
User paraa requires email verification
User paraa logged in after verification
Found AdministrativeStaff for user ok in center cils
User ok logged in for center cils as AdministrativeStaff
HEMO: PDF report generated for center cils by user ok
No tenant found for login request
No tenant found for login request
No tenant found for login request
No tenant found for login request
No tenant found for login request
Patients fetched for center cils: [{'nom': 'JOKEDA', 'prenom': 'ikea'}, {'nom': 'ooooo', 'prenom': 'oooo'}, {'nom': 'Chan', 'prenom': 'Jolda'}]
Patient fetched: Chan Jolda (552359898) for center cils
Patients fetched for center cils: [{'nom': 'JOKEDA', 'prenom': 'ikea'}, {'nom': 'ooooo', 'prenom': 'oooo'}, {'nom': 'Chan', 'prenom': 'Jolda'}]
HEMO: PDF report generated for center cils by user ok
Found AdministrativeStaff for user ok in center cils
User ok logged in for center cils as AdministrativeStaff
HEMO: PDF report generated for center cils by user ok
HEMO: PDF report generated for center cils by user ok
HEMO: PDF report generated for center cils by user ok
Patients fetched for center cils: [{'nom': 'JOKEDA', 'prenom': 'ikea'}, {'nom': 'ooooo', 'prenom': 'oooo'}, {'nom': 'Chan', 'prenom': 'Jolda'}]
Patients fetched for center cils: [{'nom': 'JOKEDA', 'prenom': 'ikea'}, {'nom': 'ooooo', 'prenom': 'oooo'}, {'nom': 'Chan', 'prenom': 'Jolda'}]
Patient fetched: Chan Jolda (552359898) for center cils
Patients fetched for center cils: [{'nom': 'JOKEDA', 'prenom': 'ikea'}, {'nom': 'ooooo', 'prenom': 'oooo'}, {'nom': 'Chan', 'prenom': 'Jolda'}]
Patient fetched: JOKEDA ikea (98564723) for center cils
Patient fetched: JOKEDA ikea (98564723) for center cils
Patients fetched for center cils: [{'nom': 'JOKEDA', 'prenom': 'ikea'}, {'nom': 'ooooo', 'prenom': 'oooo'}, {'nom': 'Chan', 'prenom': 'Jolda'}]
Patient fetched: ooooo oooo (56987423) for center cils
Patient fetched: JOKEDA ikea (98564723) for center cils
Patient fetched: ooooo oooo (56987423) for center cils
Patient fetched: ooooo oooo (56987423) for center cils
Patient fetched: JOKEDA ikea (98564723) for center cils
Patients fetched for center cils: [{'nom': 'JOKEDA', 'prenom': 'ikea'}, {'nom': 'ooooo', 'prenom': 'oooo'}, {'nom': 'Chan', 'prenom': 'Jolda'}, {'nom': 'panaaa', 'prenom': 'pola'}]
Patient fetched: panaaa pola (55888855) for center cils
Patient fetched: panaaa pola (55888855) for center cils
Patient fetched: panaaa pola (55888855) for center cils
Patient fetched: panaaa pola (55888855) for center cils
Patient panaaa pola (55888855) declared deceased by user ok in center cils
Patient fetched: panaaa pola (55888855) for center cils
Patient fetched: panaaa pola (55888855) for center cils
Patient fetched: panaaa pola (55888855) for center cils
Patient fetched: panaaa pola (55888855) for center cils
Patients fetched for center cils: [{'nom': 'JOKEDA', 'prenom': 'ikea'}, {'nom': 'ooooo', 'prenom': 'oooo'}, {'nom': 'Chan', 'prenom': 'Jolda'}, {'nom': 'panaaa', 'prenom': 'pola'}]
No tenant found for login request
No tenant found for login request
Superadmin jolda attempted login at center cils
Superadmin jolda logging in to center cils
No verification profile for superadmin jolda
Superadmin jolda logging in to center cils
No verification profile for superadmin jolda
Superadmin jolda logging in to center cils
No verification profile for superadmin jolda
Superadmin jolda logging in to center cils
No verification profile for superadmin jolda
Superadmin jolda logging in to center cils
Superadmin jolda logged in for center cils (verification bypassed)
Failed login attempt for username: para at center cils
Found AdministrativeStaff for user paraa in center cils
User paraa logged in for center cils as AdministrativeStaff
Failed login attempt for username: None at center cils
Found AdministrativeStaff for user ok in center cils
User ok logged in for center cils as AdministrativeStaff
Failed login attempt for username: None at center cils
Failed login attempt for username: None at center cils
Received POST request to CenterLoginAPIView. CSRF exempt: True
Found AdministrativeStaff for user ok in center cils
User ok logged in for center cils as AdministrativeStaff
Received POST request to CenterLoginAPIView. CSRF exempt: True
No AdministrativeStaff found for user ok in center ARIANA
No ParamedicalStaff found for user ok in center ARIANA
No TechnicalStaff found for user ok in center ARIANA
No MedicalStaff found for user ok in center ARIANA
No WorkerStaff found for user ok in center ARIANA
User ok not authorized for center ARIANA
Received POST request to CenterLoginAPIView. CSRF exempt: True
Found AdministrativeStaff for user ok in center cils
User ok logged in for center cils as AdministrativeStaff
Received POST request to AddAdministrativeStaffAPIView. User: ok
Created new user johndoe for administrative staff
Administrative staff form invalid: <ul class="errorlist"><li>username<ul class="errorlist"><li>This username is already taken.</li><li>Username is required.</li></ul></li><li>email<ul class="errorlist"><li>This email is already taken.</li><li>Email is required.</li></ul></li></ul>
Received POST request to AddAdministrativeStaffAPIView. User: ok
Failed to create user johndoe: (1062, "Duplicate entry 'johndoe' for key 'username'")
Received POST request to AddAdministrativeStaffAPIView. User: ok
Created new user jo for administrative staff
Administrative staff form invalid: <ul class="errorlist"><li>username<ul class="errorlist"><li>This username is already taken.</li><li>Username is required.</li></ul></li><li>email<ul class="errorlist"><li>This email is already taken.</li><li>Email is required.</li></ul></li></ul>
Received POST request to AddAdministrativeStaffAPIView. User: ok
Failed to create user jo: (1062, "Duplicate entry 'jo' for key 'username'")
Received POST request to AddAdministrativeStaffAPIView. User: ok
Created new user jo for administrative staff
Administrative staff form invalid: <ul class="errorlist"><li>username<ul class="errorlist"><li>This username is already taken.</li><li>Username is required.</li></ul></li><li>email<ul class="errorlist"><li>This email is already taken.</li><li>Email is required.</li></ul></li></ul>
Received POST request to AddAdministrativeStaffAPIView. User: ok
Administrative staff form invalid: <ul class="errorlist"><li>username<ul class="errorlist"><li>This username is already taken.</li><li>Username is required.</li></ul></li><li>email<ul class="errorlist"><li>This email is already taken.</li><li>Email is required.</li></ul></li></ul>
Received POST request to AddAdministrativeStaffAPIView. User: ok
Error saving administrative staff: name 'transaction' is not defined
Received POST request to AddAdministrativeStaffAPIView. User: ok
Administrative staff poastmanuser Doe (ID: 15) added by ok in center cils
Found AdministrativeStaff for user ok in center cils
User ok logged in for center cils as AdministrativeStaff
Received POST request to CenterLoginAPIView. CSRF exempt: True
Found AdministrativeStaff for user ok in center cils
User ok logged in for center cils as AdministrativeStaff
Received POST request to AddParamedicalStaffAPIView. User: ok
Paramedical staff para api (ID: 1) added by ok in center cils
Received POST request to AddPatientAPIView. User: ok
Patient Emma Wilson (ID: 12) added by ok in center cils
Received POST request to DeclareDeceasedAPIView for patient ID: 12. User: ok
Patient Emma Wilson (ID: 12) declared deceased by ok in center cils
Received POST request to AddPatientAPIView. User: ok
Patient Emma Wilson (ID: 13) added by ok in center cils
Received POST request to AddHemodialysisSessionAPIView for patient ID: 13. User: ok
Hemodialysis session form invalid: <ul class="errorlist"><li>responsible_doc<ul class="errorlist"><li>Select a valid choice. That choice is not one of the available choices.</li></ul></li></ul>
Patients fetched for center cils: [{'nom': 'JOKEDA', 'prenom': 'ikea'}, {'nom': 'ooooo', 'prenom': 'oooo'}, {'nom': 'Chan', 'prenom': 'Jolda'}, {'nom': 'panaaa', 'prenom': 'pola'}, {'nom': 'Emma', 'prenom': 'Wilson'}, {'nom': 'Emma', 'prenom': 'Wilson'}]
Patient fetched: Emma Wilson (33345566) for center cils
Loading methods for type_hemo_id: 1
Methods found: [{'id': 2, 'name': 'Bicarbonate'}, {'id': 3, 'name': 'Erythropoietin'}, {'id': 5, 'name': 'Filtration 84%'}, {'id': 4, 'name': 'Hemodiafiltration'}, {'id': 1, 'name': 'Hemodialysis'}]
Received POST request to AddHemodialysisSessionAPIView for patient ID: 13. User: ok
Received POST request to AddHemodialysisSessionAPIView for patient ID: 13. User: ok
Error saving hemodialysis session: null value in column "medical_activity_id" of relation "centers_hemodialysissession" violates not-null constraint
DETAIL:  Failing row contains (3, 2025-05-23, null, 1, 4, 1).
Received POST request to AddHemodialysisSessionAPIView for patient ID: 13. User: ok
Hemodialysis session form invalid: <ul class="errorlist"><li>responsible_doc<ul class="errorlist"><li>Select a valid choice. That choice is not one of the available choices.</li></ul></li></ul>
Received POST request to AddHemodialysisSessionAPIView for patient ID: 13. User: ok
Error saving hemodialysis session: null value in column "medical_activity_id" of relation "centers_hemodialysissession" violates not-null constraint
DETAIL:  Failing row contains (4, 2025-05-23, null, 1, 4, 1).
Received POST request to AddHemodialysisSessionAPIView for patient ID: 13. User: ok
Error saving hemodialysis session: null value in column "medical_activity_id" of relation "centers_hemodialysissession" violates not-null constraint
DETAIL:  Failing row contains (5, 2025-05-23, null, 1, 4, 1).
Received POST request to AddHemodialysisSessionAPIView for patient ID: 13. User: ok
Error saving hemodialysis session: null value in column "medical_activity_id" of relation "centers_hemodialysissession" violates not-null constraint
DETAIL:  Failing row contains (6, 2025-05-23, null, 1, 4, 1).
Received POST request to AddHemodialysisSessionAPIView for patient ID: 13. User: ok
Error saving hemodialysis session: null value in column "medical_activity_id" of relation "centers_hemodialysissession" violates not-null constraint
DETAIL:  Failing row contains (7, 2025-05-23, null, 1, 4, 1).
Received POST request to AddHemodialysisSessionAPIView for patient ID: 13. User: ok
Received POST request to AddHemodialysisSessionAPIView for patient ID: 13. User: ok
Received POST request to AddHemodialysisSessionAPIView for patient ID: 13. User: ok
Error saving hemodialysis session: null value in column "medical_activity_id" of relation "centers_hemodialysissession" violates not-null constraint
DETAIL:  Failing row contains (8, 2025-05-23, null, 1, 4, 1).
Received POST request to AddHemodialysisSessionAPIView for patient ID: 13. User: ok
Received POST request to AddHemodialysisSessionAPIView for patient ID: 13. User: ok
Received POST request to AddHemodialysisSessionAPIView for patient ID: 13. User: ok
Hemodialysis session (ID: 9) added for patient Emma Wilson by ok in center cils
Received POST request to AddTransmittableDiseaseAPIView for patient ID: 13. User: ok
Error saving transmittable disease: null value in column "medical_activity_id" of relation "centers_transmittabledisease" violates not-null constraint
DETAIL:  Failing row contains (3, 2025-01-01, 1, null).
Received POST request to AddTransmittableDiseaseAPIView for patient ID: 13. User: ok
Transmittable disease (ID: 4) added for patient Emma Wilson by ok in center cils
Received POST request to AddComplicationsAPIView for patient ID: 13. User: ok
Complication (ID: 3) added for patient Emma Wilson by ok in center cils
COMP_REF: Received POST request to AddComplicationsRefAPIView. User: ok, Data: {'label_complication': 'Infection'}
COMP_REF: Complication ref (ID: 2, Label: Infection) added by ok in center cils
Received POST request to CenterLoginAPIView. CSRF exempt: True
Found AdministrativeStaff for user ok in center cils
User ok logged in for center cils as AdministrativeStaff
MACHINE: Received POST request to AddMachineAPIView. User: ok, Data: {'brand': 'Fresenius 4008S', 'functional': True, 'reserve': False, 'refurbished': False, 'nbre_hrs': 100, 'new_membrane_type': 'Polysulfone', 'new_filtre_type': 'High-Flux', 'sterilisation': ['WATER_STEAM', 'GAMMA_RAYS']}
MACHINE: Machine before save: brand=Fresenius 4008S, center=13, membrane=2, filtre=2
MACHINE: Machine (ID: 2, Brand: Fresenius 4008S) added by ok in center cils
Received POST request to CenterLoginAPIView. CSRF exempt: True
Superadmin Jolda logging in to center cils
Superadmin Jolda logged in for center cils (verification bypassed)
Received POST request to CenterLoginAPIView. CSRF exempt: True
Found AdministrativeStaff for user ok in center cils
User ok logged in for center cils as AdministrativeStaff
Received POST request to CenterLoginAPIView. CSRF exempt: True
Found AdministrativeStaff for user ok in center cils
User ok logged in for center cils as AdministrativeStaff
Received POST request to CenterLoginAPIView. CSRF exempt: True
Superadmin Jolda logging in to center cils
Superadmin Jolda logged in for center cils (verification bypassed)
Patient fetched: JOKEDA ikea (98564723) for center cils
Patient fetched: JOKEDA ikea (98564723) for center cils
Received POST request to CenterLoginAPIView. CSRF exempt: True
Found AdministrativeStaff for user ok in center cils
User ok logged in for center cils as AdministrativeStaff
Patient fetched: JOKEDA ikea (98564723) for center cils
Patient fetched: JOKEDA ikea (98564723) for center cils
Patient fetched: JOKEDA ikea (98564723) for center cils
Patient fetched: JOKEDA ikea (98564723) for center cils
Found AdministrativeStaff for user ok in center cils
User ok logged in for center cils as AdministrativeStaff
Patients fetched for center cils: [{'nom': 'JOKEDA', 'prenom': 'ikea'}, {'nom': 'ooooo', 'prenom': 'oooo'}, {'nom': 'Chan', 'prenom': 'Jolda'}, {'nom': 'panaaa', 'prenom': 'pola'}, {'nom': 'Emma', 'prenom': 'Wilson'}, {'nom': 'Emma', 'prenom': 'Wilson'}]
Patient fetched: ooooo oooo (56987423) for center cils
Patient fetched: JOKEDA ikea (98564723) for center cils
Patient fetched: panaaa pola (55888855) for center cils
Patient fetched: Emma Wilson (33345566) for center cils
Patient fetched: JOKEDA ikea (98564723) for center cils
Patient fetched: Emma Wilson (33345566) for center cils
Patient fetched: JOKEDA ikea (98564723) for center cils
Patient fetched: JOKEDA ikea (98564723) for center cils
Patient fetched: JOKEDA ikea (98564723) for center cils
Patient fetched: JOKEDA ikea (98564723) for center cils
Patient fetched: JOKEDA ikea (98564723) for center cils
Patient fetched: JOKEDA ikea (98564723) for center cils
Patient fetched: Chan Jolda (552359898) for center cils
Patient fetched: Chan Jolda (552359898) for center cils
Patient fetched: Emma Wilson (33445566) for center cils
Patient fetched: Emma Wilson (33445566) for center cils
Patient fetched: Chan Jolda (552359898) for center cils
Patient fetched: panaaa pola (55888855) for center cils
Patient fetched: Chan Jolda (552359898) for center cils
Patient fetched: Chan Jolda (552359898) for center cils
Patient fetched: panaaa pola (55888855) for center cils
Patient fetched: panaaa pola (55888855) for center cils
Patient fetched: JOKEDA ikea (98564723) for center cils
Patient fetched: JOKEDA ikea (98564723) for center cils
Patient fetched: JOKEDA ikea (98564723) for center cils
Patient fetched: JOKEDA ikea (98564723) for center cils
Patient fetched: JOKEDA ikea (98564723) for center cils
Patient fetched: JOKEDA ikea (98564723) for center cils
Patient fetched: JOKEDA ikea (98564723) for center cils
Received POST request to AddHemodialysisSessionAPIView for patient ID: 8. User: ok
Hemodialysis session form invalid: <ul class="errorlist"><li>medical_activity<ul class="errorlist"><li>This field is required.</li><li>Medical Activity is required.</li></ul></li></ul>
Patients fetched for center cils: [{'nom': 'JOKEDA', 'prenom': 'ikea'}, {'nom': 'ooooo', 'prenom': 'oooo'}, {'nom': 'Chan', 'prenom': 'Jolda'}, {'nom': 'panaaa', 'prenom': 'pola'}, {'nom': 'Emma', 'prenom': 'Wilson'}, {'nom': 'Emma', 'prenom': 'Wilson'}]
Patient fetched: ooooo oooo (56987423) for center cils
Patient fetched: JOKEDA ikea (98564723) for center cils
Patient fetched: panaaa pola (55888855) for center cils
Patient fetched: Emma Wilson (33345566) for center cils
Loading methods for type_hemo_id: 1
Methods found: [{'id': 2, 'name': 'Bicarbonate'}, {'id': 3, 'name': 'Erythropoietin'}, {'id': 5, 'name': 'Filtration 84%'}, {'id': 4, 'name': 'Hemodiafiltration'}, {'id': 1, 'name': 'Hemodialysis'}]
Patient fetched: JOKEDA ikea (98564723) for center cils
Patient fetched: JOKEDA ikea (98564723) for center cils
Received POST request to AddHemodialysisSessionAPIView for patient ID: 8. User: ok
Hemodialysis session (ID: 10) added for patient JOKEDA ikea by ok in center cils
Patient fetched: JOKEDA ikea (98564723) for center cils
Patient fetched: JOKEDA ikea (98564723) for center cils
Patient fetched: JOKEDA ikea (98564723) for center cils
Received POST request to CenterLoginAPIView. CSRF exempt: True
Found AdministrativeStaff for user ok in center cils
User ok logged in for center cils as AdministrativeStaff
Patient fetched: JOKEDA ikea (98564723) for center cils
Patient fetched: JOKEDA ikea (98564723) for center cils
Received POST request to AddTransmittableDiseaseAPIView for patient ID: 8. User: ok
Transmittable disease form invalid: <ul class="errorlist"><li>medical_activity<ul class="errorlist"><li>This field is required.</li><li>Medical Activity is required.</li></ul></li></ul>
Patient fetched: JOKEDA ikea (98564723) for center cils
Patient fetched: JOKEDA ikea (98564723) for center cils
Received POST request to AddTransmittableDiseaseAPIView for patient ID: 8. User: ok
Transmittable disease (ID: 5) added for patient JOKEDA ikea by ok in center cils
Patient fetched: JOKEDA ikea (98564723) for center cils
Patient fetched: JOKEDA ikea (98564723) for center cils
Patient fetched: JOKEDA ikea (98564723) for center cils
Received POST request to AddComplicationsAPIView for patient ID: 8. User: ok
Complication (ID: 4) added for patient JOKEDA ikea by ok in center cils
Patient fetched: JOKEDA ikea (98564723) for center cils
Received POST request to AddTransplantationAPIView for patient ID: 8. User: ok
Transplantation form invalid: <ul class="errorlist"><li>date_operation<ul class="errorlist"><li>This field is required.</li><li>Date Operation is required.</li></ul></li><li>medical_activity<ul class="errorlist"><li>This field is required.</li><li>Medical Activity is required.</li></ul></li></ul>
Patient fetched: JOKEDA ikea (98564723) for center cils
Patient fetched: JOKEDA ikea (98564723) for center cils
Received POST request to AddTransplantationAPIView for patient ID: 8. User: ok
Transplantation form invalid: <ul class="errorlist"><li>medical_activity<ul class="errorlist"><li>This field is required.</li><li>Medical Activity is required.</li></ul></li></ul>
Patient fetched: JOKEDA ikea (98564723) for center cils
Patient fetched: JOKEDA ikea (98564723) for center cils
Received POST request to AddTransplantationAPIView for patient ID: 8. User: ok
Transplantation form invalid: <ul class="errorlist"><li>date_operation<ul class="errorlist"><li>This field is required.</li><li>Date Operation is required.</li></ul></li></ul>
Patient fetched: JOKEDA ikea (98564723) for center cils
Patient fetched: JOKEDA ikea (98564723) for center cils
Received POST request to AddTransplantationAPIView for patient ID: 8. User: ok
Transplantation form invalid: <ul class="errorlist"><li>transplantation<ul class="errorlist"><li>This field is required.</li><li>Transplantation is required.</li></ul></li></ul>
Patient fetched: JOKEDA ikea (98564723) for center cils
Patient fetched: JOKEDA ikea (98564723) for center cils
Patient fetched: JOKEDA ikea (98564723) for center cils
Received POST request to AddTransplantationAPIView for patient ID: 8. User: ok
Transplantation (ID: 2) added for patient JOKEDA ikea by ok in center cils
Patient fetched: JOKEDA ikea (98564723) for center cils
Received POST request to CenterLoginAPIView. CSRF exempt: True
Failed login attempt for username: ok at center cils
Received POST request to CenterLoginAPIView. CSRF exempt: True
Found AdministrativeStaff for user ok in center cils
User ok logged in for center cils as AdministrativeStaff
Patient fetched: ooooo oooo (56987423) for center cils
Patient fetched: ooooo oooo (56987423) for center cils
Received POST request to DeclareDeceasedAPIView for patient ID: 13. User: ok
Patient Emma Wilson (ID: 13) declared deceased by ok in center cils
Patient fetched: Emma Wilson (33345566) for center cils
Patient fetched: Emma Wilson (33345566) for center cils
Received POST request to CenterLoginAPIView. CSRF exempt: True
Found AdministrativeStaff for user ok in center cils
User ok logged in for center cils as AdministrativeStaff
Patient fetched: JOKEDA ikea (98564723) for center cils
Patient fetched: JOKEDA ikea (98564723) for center cils
Patient fetched: JOKEDA ikea (98564723) for center cils
Patient fetched: JOKEDA ikea (98564723) for center cils
TRANS_REF: Received POST request to AddTransmittableDiseaseRefAPIView. User: ok, Data: {'label_disease': 'coreneal'}
TRANS_REF: Transmittable disease ref form invalid: <ul class="errorlist"><li>type_of_transmission<ul class="errorlist"><li>This field is required.</li></ul></li></ul>
TRANSPLANT_REF: Received POST request to AddTransplantationRefAPIView. User: ok, Data: {'label_transplantation': 'coreneal'}
TRANSPLANT_REF: Transplantation ref (ID: 2, Label: coreneal) added by ok in center cils
Received POST request to AddTransplantationAPIView for patient ID: 8. User: ok
Patient fetched: JOKEDA ikea (98564723) for center cils
Transplantation form invalid: <ul class="errorlist"><li>transplantation<ul class="errorlist"><li>Either select a transplantation or enter a new transplantation name.</li></ul></li><li>new_transplantation_name<ul class="errorlist"><li>Either enter a new transplantation name or select a transplantation.</li></ul></li></ul>
COMP_REF: Received POST request to AddComplicationsRefAPIView. User: ok, Data: {'label_complication': 'porta'}
COMP_REF: Complication ref (ID: 3, Label: porta) added by ok in center cils
Received POST request to AddComplicationsAPIView for patient ID: 8. User: ok
Complications form invalid: <ul class="errorlist"><li>complication<ul class="errorlist"><li>Either select a complication or enter a new complication name.</li></ul></li><li>new_complication_name<ul class="errorlist"><li>Either enter a new complication name or select a complication.</li></ul></li></ul>
Patient fetched: JOKEDA ikea (98564723) for center cils
Patient fetched: JOKEDA ikea (98564723) for center cils
Patient fetched: JOKEDA ikea (98564723) for center cils
COMP_REF: Received POST request to AddComplicationsRefAPIView. User: ok, Data: {'label_complication': 'coreneal'}
COMP_REF: Complication ref (ID: 4, Label: coreneal) added by ok in center cils
Received POST request to AddComplicationsAPIView for patient ID: 8. User: ok
Complications form invalid: <ul class="errorlist"><li>complication<ul class="errorlist"><li>Either select a complication or enter a new complication name.</li></ul></li><li>new_complication_name<ul class="errorlist"><li>Either enter a new complication name or select a complication.</li></ul></li></ul>
Patient fetched: JOKEDA ikea (98564723) for center cils
Received POST request to CenterLoginAPIView. CSRF exempt: True
Found AdministrativeStaff for user ok in center cils
User ok logged in for center cils as AdministrativeStaff
Patient fetched: JOKEDA ikea (98564723) for center cils
Patient fetched: JOKEDA ikea (98564723) for center cils
COMP_REF: Received POST request to AddComplicationsRefAPIView. User: ok, Data: {'label_complication': 'coreneal'}
COMP_REF: Complication ref form invalid: <ul class="errorlist"><li>label_complication<ul class="errorlist"><li>Complications ref with this Label complication already exists.</li></ul></li></ul>
Patient fetched: JOKEDA ikea (98564723) for center cils
Patient fetched: JOKEDA ikea (98564723) for center cils
Received POST request to AddComplicationsAPIView for patient ID: 8. User: ok, Data: {'date_of_contraction': '2000-02-22', 'notes': 'PP', 'new_complication_name': 'Corns'}
Complication (ID: 5) added for patient JOKEDA ikea by ok in center cils
Patient fetched: JOKEDA ikea (98564723) for center cils
Patient fetched: JOKEDA ikea (98564723) for center cils
Patient fetched: JOKEDA ikea (98564723) for center cils
Received POST request to AddTransplantationAPIView for patient ID: 8. User: ok, Data: {'date_operation': '2025-05-14', 'notes': 'pana', 'new_transplantation_name': 'Liver'}
Transplantation (ID: 3) added for patient JOKEDA ikea by ok in center cils
Patient fetched: JOKEDA ikea (98564723) for center cils
Received POST request to AddTransmittableDiseaseAPIView for patient ID: 8. User: ok, Data: {'date_of_contraction': '2025-05-29', 'new_disease_name': 'corona', 'type_of_transmission': 'Airborne'}
Patient fetched: JOKEDA ikea (98564723) for center cils
Transmittable disease (ID: 6) added for patient JOKEDA ikea by ok in center cils
Received GET request to CNAMListAPIView. User: ok
Received GET request to CNAMListAPIView. User: ok
Received POST request to CenterLoginAPIView. CSRF exempt: True
Found AdministrativeStaff for user ok in center cils
User ok logged in for center cils as AdministrativeStaff
Received GET request to CNAMListAPIView. User: ok
Received GET request to CNAMListAPIView. User: ok
Received POST request to AddPatientAPIView. User: ok
Patient rata toutille (ID: 14) added by ok in center cils
Received GET request to AdministrativeStaffListAPIView. User: ok
Fetched 3 administrative staff for center cils
Received GET request to AdministrativeStaffListAPIView. User: ok
Fetched 3 administrative staff for center cils
Received GET request to ParamedicalStaffListAPIView. User: ok
Fetched 1 paramedical staff for center cils
Received GET request to ParamedicalStaffListAPIView. User: ok
Fetched 1 paramedical staff for center cils
Received GET request to TechnicalStaffListAPIView. User: ok
Fetched 1 technical staff for center cils
Received GET request to TechnicalStaffListAPIView. User: ok
Fetched 1 technical staff for center cils
Received GET request to WorkerStaffListAPIView. User: ok
Fetched 1 worker staff for center cils
Received GET request to WorkerStaffListAPIView. User: ok
Fetched 1 worker staff for center cils
Received GET request to WorkerStaffListAPIView. User: ok
Fetched 1 worker staff for center cils
Received GET request to WorkerStaffListAPIView. User: ok
Fetched 1 worker staff for center cils
Received GET request to WorkerStaffListAPIView. User: ok
Fetched 1 worker staff for center cils
Received GET request to WorkerStaffListAPIView. User: ok
Fetched 1 worker staff for center cils
Received GET request to CNAMListAPIView. User: ok
Received GET request to CNAMListAPIView. User: ok
Received GET request to WorkerStaffListAPIView. User: ok
Fetched 1 worker staff for center cils
Received GET request to WorkerStaffListAPIView. User: ok
Fetched 1 worker staff for center cils
Received GET request to CNAMListAPIView. User: ok
Received GET request to CNAMListAPIView. User: ok
Received GET request to AdministrativeStaffListAPIView. User: ok
Fetched 3 administrative staff for center cils
Received GET request to AdministrativeStaffListAPIView. User: ok
Fetched 3 administrative staff for center cils
Received GET request to ParamedicalStaffListAPIView. User: ok
Fetched 1 paramedical staff for center cils
Received GET request to ParamedicalStaffListAPIView. User: ok
Fetched 1 paramedical staff for center cils
Received GET request to TechnicalStaffListAPIView. User: ok
Fetched 1 technical staff for center cils
Received GET request to TechnicalStaffListAPIView. User: ok
Fetched 1 technical staff for center cils
Received GET request to AdministrativeStaffListAPIView. User: ok
Fetched 3 administrative staff for center cils
Received GET request to AdministrativeStaffListAPIView. User: ok
Fetched 3 administrative staff for center cils
Received GET request to ParamedicalStaffListAPIView. User: ok
Fetched 1 paramedical staff for center cils
Received GET request to ParamedicalStaffListAPIView. User: ok
Fetched 1 paramedical staff for center cils
Received GET request to TechnicalStaffListAPIView. User: ok
Fetched 1 technical staff for center cils
Received GET request to TechnicalStaffListAPIView. User: ok
Fetched 1 technical staff for center cils
Received GET request to WorkerStaffListAPIView. User: ok
Fetched 1 worker staff for center cils
Received GET request to WorkerStaffListAPIView. User: ok
Fetched 1 worker staff for center cils
Received GET request to TechnicalStaffListAPIView. User: ok
Fetched 1 technical staff for center cils
Received GET request to TechnicalStaffListAPIView. User: ok
Fetched 1 technical staff for center cils
Received GET request to ParamedicalStaffListAPIView. User: ok
Fetched 1 paramedical staff for center cils
Received GET request to ParamedicalStaffListAPIView. User: ok
Fetched 1 paramedical staff for center cils
Received GET request to AdministrativeStaffListAPIView. User: ok
Fetched 3 administrative staff for center cils
Received GET request to AdministrativeStaffListAPIView. User: ok
Fetched 3 administrative staff for center cils
Received GET request to AdministrativeStaffListAPIView. User: ok
Fetched 3 administrative staff for center cils
Received GET request to AdministrativeStaffListAPIView. User: ok
Fetched 3 administrative staff for center cils
Received GET request to ParamedicalStaffListAPIView. User: ok
Fetched 1 paramedical staff for center cils
Received GET request to ParamedicalStaffListAPIView. User: ok
Fetched 1 paramedical staff for center cils
Found AdministrativeStaff for user ok in center cils
User ok logged in for center cils as AdministrativeStaff
Received POST request to CenterLoginAPIView. CSRF exempt: True
Found AdministrativeStaff for user ok in center cils
User ok logged in for center cils as AdministrativeStaff
Received POST request to AddMedicalStaffAPIView. User: ok
Medical staff another med (ID: 5) added by ok in center cils
Received GET request to AdministrativeStaffListAPIView. User: ok
Fetched 3 administrative staff for center cils
Received GET request to AdministrativeStaffListAPIView. User: ok
Fetched 3 administrative staff for center cils
Received POST request to AddAdministrativeStaffAPIView. User: ok
Administrative staff another one (ID: 16) added by ok in center cils
Received GET request to AdministrativeStaffListAPIView. User: ok
Fetched 4 administrative staff for center cils
Received GET request to AdministrativeStaffListAPIView. User: ok
Fetched 4 administrative staff for center cils
Received POST request to CenterLoginAPIView. CSRF exempt: True
Found AdministrativeStaff for user ok in center cils
User ok logged in for center cils as AdministrativeStaff
Received GET request to AdministrativeStaffListAPIView. User: ok
Fetched 4 administrative staff for center cils
Received GET request to AdministrativeStaffListAPIView. User: ok
Fetched 4 administrative staff for center cils
Received GET request to TechnicalStaffListAPIView. User: ok
Fetched 1 technical staff for center cils
Received GET request to TechnicalStaffListAPIView. User: ok
Fetched 1 technical staff for center cils
Received GET request to ParamedicalStaffListAPIView. User: ok
Fetched 1 paramedical staff for center cils
Received GET request to ParamedicalStaffListAPIView. User: ok
Fetched 1 paramedical staff for center cils
Received GET request to WorkerStaffListAPIView. User: ok
Fetched 1 worker staff for center cils
Received GET request to WorkerStaffListAPIView. User: ok
Fetched 1 worker staff for center cils
Received GET request to CNAMListAPIView. User: ok
Received GET request to CNAMListAPIView. User: ok
Received GET request to AdministrativeStaffListAPIView. User: ok
Fetched 4 administrative staff for center cils
Received GET request to AdministrativeStaffListAPIView. User: ok
Fetched 4 administrative staff for center cils
Received GET request to ParamedicalStaffListAPIView. User: ok
Fetched 1 paramedical staff for center cils
Received GET request to ParamedicalStaffListAPIView. User: ok
Fetched 1 paramedical staff for center cils
Received GET request to ParamedicalStaffListAPIView. User: ok
Fetched 1 paramedical staff for center cils
Received GET request to ParamedicalStaffListAPIView. User: ok
Fetched 1 paramedical staff for center cils
Received GET request to TechnicalStaffListAPIView. User: ok
Fetched 1 technical staff for center cils
Received GET request to TechnicalStaffListAPIView. User: ok
Fetched 1 technical staff for center cils
Received GET request to TechnicalStaffListAPIView. User: ok
Fetched 1 technical staff for center cils
Received GET request to TechnicalStaffListAPIView. User: ok
Fetched 1 technical staff for center cils
Received GET request to CNAMListAPIView. User: ok
Received GET request to CNAMListAPIView. User: ok
Received GET request to CNAMListAPIView. User: ok
Received GET request to CNAMListAPIView. User: ok
Received GET request to CNAMListAPIView. User: ok
Received GET request to CNAMListAPIView. User: ok
